TN:
SF:src/handlers/quote.handler.js
FN:3,(anonymous_0)
FN:17,(anonymous_1)
FN:28,(anonymous_2)
FN:43,(anonymous_3)
FNF:4
FNH:4
FNDA:2,(anonymous_0)
FNDA:2,(anonymous_1)
FNDA:2,(anonymous_2)
FNDA:2,(anonymous_3)
DA:1,1
DA:3,1
DA:4,2
DA:5,2
DA:6,1
DA:7,1
DA:9,1
DA:11,1
DA:13,1
DA:17,1
DA:19,2
DA:20,2
DA:21,2
DA:22,1
DA:24,1
DA:28,1
DA:30,2
DA:32,2
DA:33,2
DA:35,1
DA:37,1
DA:43,1
DA:45,2
DA:46,2
DA:48,2
DA:49,2
DA:51,1
DA:53,1
DA:58,1
LF:29
LH:29
BRDA:5,0,0,1
BRDA:5,0,1,0
BRF:2
BRH:1
end_of_record
TN:
SF:src/models/index.js
FN:19,(anonymous_0)
FN:20,(anonymous_1)
FN:25,(anonymous_2)
FNF:3
FNH:3
FNDA:4,(anonymous_0)
FNDA:2,(anonymous_1)
FNDA:2,(anonymous_2)
DA:1,2
DA:2,2
DA:3,2
DA:5,2
DA:6,2
DA:7,2
DA:8,2
DA:11,2
DA:12,0
DA:14,2
DA:17,2
DA:19,4
DA:21,2
DA:22,2
DA:25,2
DA:26,2
DA:27,2
DA:31,2
DA:32,2
DA:34,2
LF:20
LH:19
BRDA:6,0,0,2
BRDA:6,0,1,0
BRDA:11,1,0,0
BRDA:11,1,1,2
BRDA:19,2,0,4
BRDA:19,2,1,4
BRDA:19,2,2,2
BRDA:26,3,0,2
BRDA:26,3,1,0
BRF:9
BRH:6
end_of_record
TN:
SF:src/models/quote.js
FN:5,(anonymous_0)
FN:12,(anonymous_1)
FNF:2
FNH:2
FNDA:2,(anonymous_0)
FNDA:2,(anonymous_1)
DA:4,2
DA:5,2
DA:16,2
DA:26,2
LF:4
LH:4
BRF:0
BRH:0
end_of_record
TN:
SF:src/services/index.js
FNF:0
FNH:0
DA:3,1
DA:5,1
LF:2
LH:2
BRF:0
BRH:0
end_of_record
TN:
SF:src/services/quote.services.js
FN:12,(anonymous_0)
FN:14,(anonymous_1)
FN:15,(anonymous_2)
FN:30,(anonymous_3)
FN:38,(anonymous_4)
FN:41,(anonymous_5)
FN:44,(anonymous_6)
FN:56,(anonymous_7)
FNF:8
FNH:5
FNDA:1,(anonymous_0)
FNDA:1,(anonymous_1)
FNDA:0,(anonymous_2)
FNDA:2,(anonymous_3)
FNDA:0,(anonymous_4)
FNDA:0,(anonymous_5)
FNDA:1,(anonymous_6)
FNDA:1,(anonymous_7)
DA:1,2
DA:2,2
DA:12,2
DA:13,1
DA:14,1
DA:15,0
DA:17,1
DA:27,1
DA:30,2
DA:31,2
DA:35,2
DA:38,2
DA:40,0
DA:41,0
DA:42,0
DA:44,2
DA:46,1
DA:53,1
DA:56,2
DA:57,1
DA:64,1
DA:66,2
LF:22
LH:18
BRF:0
BRH:0
end_of_record
